
ROM used: 6238 (25%)
          6238 (25%) including unused fragments

          3 Average locations per line
          9 Average locations per statement

RAM used: 187 (9%) at main() level
          223 (11%) worst case

Stack used: 6 worst case (out of 29 total available)

Lines Stmts  %   Files
----- ----- ---  -----
 1396   540  81  232M100.c
  438     0   0  ..\..\..\..\Program Files\PICC\devices\18F4455.h
  417   126  19  ..\..\..\..\Program Files\PICC\Drivers\string.h
   28     0   0  ..\..\..\..\Program Files\PICC\Drivers\stddef.h
   28     0   0  ..\..\..\..\Program Files\PICC\Drivers\ctype.h
----- -----
 2307   666 Total

Page ROM  %  RAM   Vol Diff  Functions:
---- --- --- ---   --- ----  ----------
0     40   0   1             @delay_ms1
0    310   2   8   745  6.6  acquire_adc
0     52   0   0             @goto10398
0     56   0   2             @ITOF
0    242   2  11             @MULFF
0     58   0   4             @SFTOI
0     28   0   1             @SPRINTF
0     64   1   5             @FTOSD
0    122   1  13             @DIV3232
0    384   3  13             @PRINTF_L32D_209FPFPF
0     20   0   2   115  2.3  rd_eeprom
0     36   0   3   271  4.5  wr_eeprom
0      6   0   0    45  1.4  led_on_red
0      6   0   0    45  1.4  led_on_green
0      6   0   0    45  1.4  led_off
 Inline        0    69  1.9  trigger_led_red
 Inline        1    89  3.3  write_port2
 Inline        1   114  3.4  read_port2
0     20   0   1    82  2.5  set_dir_port2
0      8   0   0    20  1.3  get_dir_port2
0    262   2   9   867  6.4  hex_to_bin
0     86   1   8   401  7.2  bin_to_hex
0     16   0   0    39  2.0  timer0_isr
0    128   1   0   450  5.1  timer1_isr
0     68   1   2   386  5.6  RDA_isr
0    282   2   8   943  8.0  get_eesettings
0    192   2   6  1167  8.8  get_async_config
0    110   1   2   420  6.5  get_dip_set_baud
0     74   1   3   123  3.6  xmit_response
0    460   4  14  2986  9.9  check_async_stream
0    154   1   3    86  1.9  post_message
0     76   1   0             @const271
0     46   0   0             @const272
0     36   0   0             @const273
0     36   0   0   214  1.8  @const274
0    264   2   1   214  1.8  commands
0    106   1   0             @const276
0     78   1   0             @const277
0     84   1   0             @const278
0     74   1   0             @const279
0     84   1   0             @const280
0     90   1   0             @const281
0     72   1   0             @const282
0     78   1   0             @const283
0     82   1   0             @const284
0     72   1   0 11352 12.9  @const285
0   1492  12   9 11352 12.9  MAIN

Program metrics:
    Functions               26
    Statements              666
    Comments                776
    Volume (V)              45634
    Difficilty (D)          129.2
    Effort to implement (E) 5893674
    Time to implement (T)   90 hours, 57 minutes
    Est Delivered Bugs (B)  11
    Cyclomatic Complexity   142
    Maintainability (MI)    119

 Segment     Used  Free
-----------  ----  ----
00000-00002     4  0  
00004-00006     0  4  
00008-000B4   174  0  
000B6-05FFE  6060  18334  



