
ROM used: 2651 (65%)
          3237 (79%) including unused fragments

          1 Average locations per line
          4 Average locations per statement

RAM used: 99 (52%) at main() level
          111 (58%) worst case

Lines Stmts  %   Files
----- ----- ---  -----
 1492   621  83  E:\0Jobs\DataAcq\232M300\232M300.c
  304     0   0  C:\Program Files\PICC\devices\16F874A.h
  417   126   9  C:\Program Files\PICC\drivers\string.h
   28     0   0  C:\Program Files\PICC\drivers\stddef.h
   28     0   0  C:\Program Files\PICC\drivers\ctype.h
----- -----
 4538  1494 Total

Page ROM  %  RAM  Functions:
---- --- --- ---  ----------
0     20   1   1  @delay_ms1
0     26   1   1  setup_spi_mode
0    109   4   3  update_dac
0    100   4   5  acquire_adc
0     20   1   2  rd_eeprom
0     39   1   3  wr_eeprom
0      3   0   0  led_on_red
0      3   0   0  led_on_green
0      3   0   0  led_off
0     18   1   1  set_dir_port1
0      4   0   0  get_dir_port1
0     18   1   1  set_dir_port2
0      4   0   0  get_dir_port2
0    115   4   7  hex_to_bin
0     41   2   6  bin_to_hex
0     13   0   0  timer0_isr
0     76   3   0  timer1_isr
0     22   1   1  RDA_isr
0     35   1   1  get_eesettings
0    130   5   5  get_async_config
0     60   2   1  get_dip_set_baud
0     32   1   2  xmit_response
0    429  16  14  check_async_stream
0     20   1   1  post_message
0     53   2   0  @const10787
1   1189  45  11  main

 Segment   Used  Free
---------  ----  ----
00000-00003     4  0
00004-00044    65  0
00045-007FF  1393  586
00800-00FFF  1189  859

