
ROM used: 1807 (88%)
          1807 (88%) including unused fragments

          1 Average locations per line
          4 Average locations per statement

RAM used: 60 (34%) at main() level
          91 (52%) worst case

Lines Stmts  %   Files
----- ----- ---  -----
  745   297  70  E:\Data\PicCode\XP FLASH\xp-flash.c
  194     0   0  E:\PICTOOLS\PICC\devices\16f628a.h
  425   127  18  E:\PICTOOLS\PICC\drivers\string.h
   28     0   0  E:\PICTOOLS\PICC\drivers\stddef.h
   28     0   0  E:\PICTOOLS\PICC\drivers\ctype.h
----- -----
 2840   848 Total

Page ROM  %  RAM  Functions:
---- --- --- ---  ----------
0     19   1   1  @delay_ms1
0     11   1   2  rd_eeprom
0     26   1   3  wr_eeprom
0    107   6   7  hex_to_bin
0      4   0   0  EXT_isr
0     23   1   1  RDA_isr
0      6   0   0  TIMER2_isr
0     14   1   0  @const10494
0     66   4  13  @DIV3232
0     94   5  10  @PRINTF_L32U_9600_50_49
0     24   1   0  @const10525
0     16   1   0  @const10533
0    580  32   6  ProgramMode
0      9   0   0  @const10555
0     35   2   2  @PRINTF_X_9600_50_49
0     32   2   0  @const10581
0     36   2   0  @const10588
0     45   2   0  @const10602
0     47   3   0  @const10610
0     10   1   0  @const10666
0     10   1   0  @const10672
0     39   2   2  check_new_min
0     74   4   1  Mode_Bit_Time
0    169   9   4  Mode_Manual
0    146   8   2  main
0     47   3   0  @const10780
0     31   2   0  @const10793
0     24   1   0  @const10810

 Segment   Used  Free
---------  ----  ----
00000-00003     4  0
00004-0003E    59  0
0003F-007FF  1744  241

